2025-04-11T10:35:43.719+08:00  INFO 18696 --- [client-service] [main] t.z.c.ClientServiceApplication           : Starting ClientServiceApplication using Java 17.0.12 with PID 18696 (E:\MicroService_Learning\client-service\target\classes started by ASUS in E:\MicroService_Learning\client-service)
2025-04-11T10:35:43.721+08:00  INFO 18696 --- [client-service] [main] t.z.c.ClientServiceApplication           : No active profile set, falling back to 1 default profile: "default"
2025-04-11T10:35:44.536+08:00  INFO 18696 --- [client-service] [main] o.s.b.w.embedded.tomcat.TomcatWebServer  : Tomcat initialized with port 8081 (http)
2025-04-11T10:35:44.547+08:00  INFO 18696 --- [client-service] [main] o.apache.catalina.core.StandardService   : Starting service [Tomcat]
2025-04-11T10:35:44.548+08:00  INFO 18696 --- [client-service] [main] o.apache.catalina.core.StandardEngine    : Starting Servlet engine: [Apache Tomcat/10.1.39]
2025-04-11T10:35:44.586+08:00  INFO 18696 --- [client-service] [main] o.a.c.c.C.[Tomcat].[localhost].[/]       : Initializing Spring embedded WebApplicationContext
2025-04-11T10:35:44.586+08:00  INFO 18696 --- [client-service] [main] w.s.c.ServletWebServerApplicationContext : Root WebApplicationContext: initialization completed in 833 ms
2025-04-11T10:35:45.118+08:00  INFO 18696 --- [client-service] [main] o.s.b.a.e.web.EndpointLinksResolver      : Exposing 15 endpoints beneath base path '/actuator'
2025-04-11T10:35:45.160+08:00  INFO 18696 --- [client-service] [main] o.s.b.w.embedded.tomcat.TomcatWebServer  : Tomcat started on port 8081 (http) with context path '/'
2025-04-11T10:35:45.172+08:00  INFO 18696 --- [client-service] [main] t.z.c.ClientServiceApplication           : Started ClientServiceApplication in 1.827 seconds (process running for 2.206)
2025-04-11T10:35:45.303+08:00  INFO 18696 --- [client-service] [registrationTask1] d.c.b.a.c.r.ApplicationRegistrator       : Application registered itself as 75a7be479074
2025-04-11T10:35:45.319+08:00  INFO 18696 --- [client-service] [http-nio-8081-exec-3] o.a.c.c.C.[Tomcat].[localhost].[/]       : Initializing Spring DispatcherServlet 'dispatcherServlet'
2025-04-11T10:35:45.320+08:00  INFO 18696 --- [client-service] [http-nio-8081-exec-3] o.s.web.servlet.DispatcherServlet        : Initializing Servlet 'dispatcherServlet'
2025-04-11T10:35:45.320+08:00  INFO 18696 --- [client-service] [http-nio-8081-exec-3] o.s.web.servlet.DispatcherServlet        : Completed initialization in 0 ms
2025-04-11T10:35:50.007+08:00  INFO 18696 --- [client-service] [scheduling-1] t.z.c.ClientServiceApplication           : 正在执行计划任务...
2025-04-11T10:36:00.001+08:00  INFO 18696 --- [client-service] [scheduling-1] t.z.c.ClientServiceApplication           : 正在执行计划任务...
2025-04-11T10:36:10.001+08:00  INFO 18696 --- [client-service] [scheduling-1] t.z.c.ClientServiceApplication           : 正在执行计划任务...
2025-04-11T10:36:20.014+08:00  INFO 18696 --- [client-service] [scheduling-1] t.z.c.ClientServiceApplication           : 正在执行计划任务...
2025-04-11T10:36:30.014+08:00  INFO 18696 --- [client-service] [scheduling-1] t.z.c.ClientServiceApplication           : 正在执行计划任务...
2025-04-11T10:36:40.013+08:00  INFO 18696 --- [client-service] [scheduling-1] t.z.c.ClientServiceApplication           : 正在执行计划任务...
2025-04-11T10:36:50.010+08:00  INFO 18696 --- [client-service] [scheduling-1] t.z.c.ClientServiceApplication           : 正在执行计划任务...
2025-04-11T10:37:00.008+08:00  INFO 18696 --- [client-service] [scheduling-1] t.z.c.ClientServiceApplication           : 正在执行计划任务...
2025-04-11T10:37:10.003+08:00  INFO 18696 --- [client-service] [scheduling-1] t.z.c.ClientServiceApplication           : 正在执行计划任务...
2025-04-11T10:37:20.004+08:00  INFO 18696 --- [client-service] [scheduling-1] t.z.c.ClientServiceApplication           : 正在执行计划任务...
2025-04-11T10:37:30.008+08:00  INFO 18696 --- [client-service] [scheduling-1] t.z.c.ClientServiceApplication           : 正在执行计划任务...
2025-04-11T10:37:40.007+08:00  INFO 18696 --- [client-service] [scheduling-1] t.z.c.ClientServiceApplication           : 正在执行计划任务...
2025-04-11T10:37:50.006+08:00  INFO 18696 --- [client-service] [scheduling-1] t.z.c.ClientServiceApplication           : 正在执行计划任务...
2025-04-11T10:38:00.015+08:00  INFO 18696 --- [client-service] [scheduling-1] t.z.c.ClientServiceApplication           : 正在执行计划任务...
2025-04-11T10:38:10.004+08:00  INFO 18696 --- [client-service] [scheduling-1] t.z.c.ClientServiceApplication           : 正在执行计划任务...
2025-04-11T10:38:20.008+08:00  INFO 18696 --- [client-service] [scheduling-1] t.z.c.ClientServiceApplication           : 正在执行计划任务...
2025-04-11T10:38:30.014+08:00  INFO 18696 --- [client-service] [scheduling-1] t.z.c.ClientServiceApplication           : 正在执行计划任务...
2025-04-11T10:38:40.000+08:00  INFO 18696 --- [client-service] [scheduling-1] t.z.c.ClientServiceApplication           : 正在执行计划任务...
2025-04-11T10:38:50.004+08:00  INFO 18696 --- [client-service] [scheduling-1] t.z.c.ClientServiceApplication           : 正在执行计划任务...
2025-04-11T10:39:00.010+08:00  INFO 18696 --- [client-service] [scheduling-1] t.z.c.ClientServiceApplication           : 正在执行计划任务...
2025-04-11T10:39:10.003+08:00  INFO 18696 --- [client-service] [scheduling-1] t.z.c.ClientServiceApplication           : 正在执行计划任务...
2025-04-11T10:39:20.010+08:00  INFO 18696 --- [client-service] [scheduling-1] t.z.c.ClientServiceApplication           : 正在执行计划任务...
2025-04-11T10:39:30.010+08:00  INFO 18696 --- [client-service] [scheduling-1] t.z.c.ClientServiceApplication           : 正在执行计划任务...
2025-04-11T10:39:40.005+08:00  INFO 18696 --- [client-service] [scheduling-1] t.z.c.ClientServiceApplication           : 正在执行计划任务...
2025-04-11T10:39:50.002+08:00  INFO 18696 --- [client-service] [scheduling-1] t.z.c.ClientServiceApplication           : 正在执行计划任务...
2025-04-11T10:40:00.012+08:00  INFO 18696 --- [client-service] [scheduling-1] t.z.c.ClientServiceApplication           : 正在执行计划任务...
2025-04-11T10:40:10.012+08:00  INFO 18696 --- [client-service] [scheduling-1] t.z.c.ClientServiceApplication           : 正在执行计划任务...
2025-04-11T10:40:20.004+08:00  INFO 18696 --- [client-service] [scheduling-1] t.z.c.ClientServiceApplication           : 正在执行计划任务...
2025-04-11T10:40:30.014+08:00  INFO 18696 --- [client-service] [scheduling-1] t.z.c.ClientServiceApplication           : 正在执行计划任务...
2025-04-11T10:40:40.003+08:00  INFO 18696 --- [client-service] [scheduling-1] t.z.c.ClientServiceApplication           : 正在执行计划任务...
2025-04-11T10:40:50.010+08:00  INFO 18696 --- [client-service] [scheduling-1] t.z.c.ClientServiceApplication           : 正在执行计划任务...
2025-04-11T10:41:00.014+08:00  INFO 18696 --- [client-service] [scheduling-1] t.z.c.ClientServiceApplication           : 正在执行计划任务...
2025-04-11T10:41:10.014+08:00  INFO 18696 --- [client-service] [scheduling-1] t.z.c.ClientServiceApplication           : 正在执行计划任务...
2025-04-11T10:41:20.005+08:00  INFO 18696 --- [client-service] [scheduling-1] t.z.c.ClientServiceApplication           : 正在执行计划任务...
2025-04-11T10:41:30.009+08:00  INFO 18696 --- [client-service] [scheduling-1] t.z.c.ClientServiceApplication           : 正在执行计划任务...
2025-04-11T10:41:40.002+08:00  INFO 18696 --- [client-service] [scheduling-1] t.z.c.ClientServiceApplication           : 正在执行计划任务...
2025-04-11T10:41:50.006+08:00  INFO 18696 --- [client-service] [scheduling-1] t.z.c.ClientServiceApplication           : 正在执行计划任务...
2025-04-11T10:42:00.001+08:00  INFO 18696 --- [client-service] [scheduling-1] t.z.c.ClientServiceApplication           : 正在执行计划任务...
2025-04-11T10:42:10.012+08:00  INFO 18696 --- [client-service] [scheduling-1] t.z.c.ClientServiceApplication           : 正在执行计划任务...
2025-04-11T10:42:20.010+08:00  INFO 18696 --- [client-service] [scheduling-1] t.z.c.ClientServiceApplication           : 正在执行计划任务...
2025-04-11T10:42:30.015+08:00  INFO 18696 --- [client-service] [scheduling-1] t.z.c.ClientServiceApplication           : 正在执行计划任务...
2025-04-11T10:42:40.003+08:00  INFO 18696 --- [client-service] [scheduling-1] t.z.c.ClientServiceApplication           : 正在执行计划任务...
2025-04-11T10:42:50.010+08:00  INFO 18696 --- [client-service] [scheduling-1] t.z.c.ClientServiceApplication           : 正在执行计划任务...
2025-04-11T10:43:00.010+08:00  INFO 18696 --- [client-service] [scheduling-1] t.z.c.ClientServiceApplication           : 正在执行计划任务...
2025-04-11T10:43:10.006+08:00  INFO 18696 --- [client-service] [scheduling-1] t.z.c.ClientServiceApplication           : 正在执行计划任务...
2025-04-11T10:43:20.008+08:00  INFO 18696 --- [client-service] [scheduling-1] t.z.c.ClientServiceApplication           : 正在执行计划任务...
2025-04-11T10:43:30.000+08:00  INFO 18696 --- [client-service] [scheduling-1] t.z.c.ClientServiceApplication           : 正在执行计划任务...
2025-04-11T10:43:40.010+08:00  INFO 18696 --- [client-service] [scheduling-1] t.z.c.ClientServiceApplication           : 正在执行计划任务...
2025-04-11T10:43:50.003+08:00  INFO 18696 --- [client-service] [scheduling-1] t.z.c.ClientServiceApplication           : 正在执行计划任务...
2025-04-11T10:44:00.015+08:00  INFO 18696 --- [client-service] [scheduling-1] t.z.c.ClientServiceApplication           : 正在执行计划任务...
2025-04-11T10:44:10.004+08:00  INFO 18696 --- [client-service] [scheduling-1] t.z.c.ClientServiceApplication           : 正在执行计划任务...
2025-04-11T10:44:20.011+08:00  INFO 18696 --- [client-service] [scheduling-1] t.z.c.ClientServiceApplication           : 正在执行计划任务...
2025-04-11T10:44:30.010+08:00  INFO 18696 --- [client-service] [scheduling-1] t.z.c.ClientServiceApplication           : 正在执行计划任务...
2025-04-11T10:44:40.013+08:00  INFO 18696 --- [client-service] [scheduling-1] t.z.c.ClientServiceApplication           : 正在执行计划任务...
2025-04-11T10:44:50.004+08:00  INFO 18696 --- [client-service] [scheduling-1] t.z.c.ClientServiceApplication           : 正在执行计划任务...
2025-04-11T10:45:00.004+08:00  INFO 18696 --- [client-service] [scheduling-1] t.z.c.ClientServiceApplication           : 正在执行计划任务...
2025-04-11T10:45:10.002+08:00  INFO 18696 --- [client-service] [scheduling-1] t.z.c.ClientServiceApplication           : 正在执行计划任务...
2025-04-11T10:45:20.005+08:00  INFO 18696 --- [client-service] [scheduling-1] t.z.c.ClientServiceApplication           : 正在执行计划任务...
2025-04-11T10:45:30.009+08:00  INFO 18696 --- [client-service] [scheduling-1] t.z.c.ClientServiceApplication           : 正在执行计划任务...
2025-04-11T10:45:40.008+08:00  INFO 18696 --- [client-service] [scheduling-1] t.z.c.ClientServiceApplication           : 正在执行计划任务...
2025-04-11T10:45:50.010+08:00  INFO 18696 --- [client-service] [scheduling-1] t.z.c.ClientServiceApplication           : 正在执行计划任务...
2025-04-11T10:46:00.002+08:00  INFO 18696 --- [client-service] [scheduling-1] t.z.c.ClientServiceApplication           : 正在执行计划任务...
2025-04-11T10:46:10.004+08:00  INFO 18696 --- [client-service] [scheduling-1] t.z.c.ClientServiceApplication           : 正在执行计划任务...
2025-04-11T10:46:20.015+08:00  INFO 18696 --- [client-service] [scheduling-1] t.z.c.ClientServiceApplication           : 正在执行计划任务...
2025-04-11T10:46:30.007+08:00  INFO 18696 --- [client-service] [scheduling-1] t.z.c.ClientServiceApplication           : 正在执行计划任务...
2025-04-11T10:46:40.003+08:00  INFO 18696 --- [client-service] [scheduling-1] t.z.c.ClientServiceApplication           : 正在执行计划任务...
2025-04-11T10:46:50.008+08:00  INFO 18696 --- [client-service] [scheduling-1] t.z.c.ClientServiceApplication           : 正在执行计划任务...
2025-04-11T10:47:00.002+08:00  INFO 18696 --- [client-service] [scheduling-1] t.z.c.ClientServiceApplication           : 正在执行计划任务...
2025-04-11T10:47:10.011+08:00  INFO 18696 --- [client-service] [scheduling-1] t.z.c.ClientServiceApplication           : 正在执行计划任务...
2025-04-11T10:47:20.006+08:00  INFO 18696 --- [client-service] [scheduling-1] t.z.c.ClientServiceApplication           : 正在执行计划任务...
2025-04-11T10:47:30.005+08:00  INFO 18696 --- [client-service] [scheduling-1] t.z.c.ClientServiceApplication           : 正在执行计划任务...
2025-04-11T10:47:40.011+08:00  INFO 18696 --- [client-service] [scheduling-1] t.z.c.ClientServiceApplication           : 正在执行计划任务...
2025-04-11T10:47:50.013+08:00  INFO 18696 --- [client-service] [scheduling-1] t.z.c.ClientServiceApplication           : 正在执行计划任务...
2025-04-11T10:48:00.007+08:00  INFO 18696 --- [client-service] [scheduling-1] t.z.c.ClientServiceApplication           : 正在执行计划任务...
2025-04-11T10:48:10.006+08:00  INFO 18696 --- [client-service] [scheduling-1] t.z.c.ClientServiceApplication           : 正在执行计划任务...
2025-04-11T10:48:20.008+08:00  INFO 18696 --- [client-service] [scheduling-1] t.z.c.ClientServiceApplication           : 正在执行计划任务...
2025-04-11T10:48:30.001+08:00  INFO 18696 --- [client-service] [scheduling-1] t.z.c.ClientServiceApplication           : 正在执行计划任务...
2025-04-11T10:48:40.000+08:00  INFO 18696 --- [client-service] [scheduling-1] t.z.c.ClientServiceApplication           : 正在执行计划任务...
2025-04-11T10:48:50.014+08:00  INFO 18696 --- [client-service] [scheduling-1] t.z.c.ClientServiceApplication           : 正在执行计划任务...
2025-04-11T10:49:00.013+08:00  INFO 18696 --- [client-service] [scheduling-1] t.z.c.ClientServiceApplication           : 正在执行计划任务...
2025-04-11T10:49:10.012+08:00  INFO 18696 --- [client-service] [scheduling-1] t.z.c.ClientServiceApplication           : 正在执行计划任务...
2025-04-11T10:49:20.002+08:00  INFO 18696 --- [client-service] [scheduling-1] t.z.c.ClientServiceApplication           : 正在执行计划任务...
2025-04-11T10:49:30.012+08:00  INFO 18696 --- [client-service] [scheduling-1] t.z.c.ClientServiceApplication           : 正在执行计划任务...
2025-04-11T10:49:40.005+08:00  INFO 18696 --- [client-service] [scheduling-1] t.z.c.ClientServiceApplication           : 正在执行计划任务...
2025-04-11T10:49:50.011+08:00  INFO 18696 --- [client-service] [scheduling-1] t.z.c.ClientServiceApplication           : 正在执行计划任务...
2025-04-11T10:50:00.013+08:00  INFO 18696 --- [client-service] [scheduling-1] t.z.c.ClientServiceApplication           : 正在执行计划任务...
2025-04-11T10:50:10.012+08:00  INFO 18696 --- [client-service] [scheduling-1] t.z.c.ClientServiceApplication           : 正在执行计划任务...
2025-04-11T10:50:20.007+08:00  INFO 18696 --- [client-service] [scheduling-1] t.z.c.ClientServiceApplication           : 正在执行计划任务...
2025-04-11T10:50:30.009+08:00  INFO 18696 --- [client-service] [scheduling-1] t.z.c.ClientServiceApplication           : 正在执行计划任务...
2025-04-11T10:50:40.004+08:00  INFO 18696 --- [client-service] [scheduling-1] t.z.c.ClientServiceApplication           : 正在执行计划任务...
2025-04-11T10:50:50.002+08:00  INFO 18696 --- [client-service] [scheduling-1] t.z.c.ClientServiceApplication           : 正在执行计划任务...
2025-04-11T10:51:00.006+08:00  INFO 18696 --- [client-service] [scheduling-1] t.z.c.ClientServiceApplication           : 正在执行计划任务...
2025-04-11T10:51:10.009+08:00  INFO 18696 --- [client-service] [scheduling-1] t.z.c.ClientServiceApplication           : 正在执行计划任务...
2025-04-11T10:51:20.013+08:00  INFO 18696 --- [client-service] [scheduling-1] t.z.c.ClientServiceApplication           : 正在执行计划任务...
2025-04-11T10:51:30.004+08:00  INFO 18696 --- [client-service] [scheduling-1] t.z.c.ClientServiceApplication           : 正在执行计划任务...
2025-04-11T10:51:40.000+08:00  INFO 18696 --- [client-service] [scheduling-1] t.z.c.ClientServiceApplication           : 正在执行计划任务...
2025-04-11T10:51:50.005+08:00  INFO 18696 --- [client-service] [scheduling-1] t.z.c.ClientServiceApplication           : 正在执行计划任务...
2025-04-11T10:52:00.009+08:00  INFO 18696 --- [client-service] [scheduling-1] t.z.c.ClientServiceApplication           : 正在执行计划任务...
2025-04-11T10:52:05.195+08:00  WARN 18696 --- [client-service] [registrationTask1] d.c.b.a.c.r.ApplicationRegistrator       : Failed to register application as Application(name=client-service, managementUrl=http://host.docker.internal:8081/actuator, healthUrl=http://host.docker.internal:8081/actuator/health, serviceUrl=http://host.docker.internal:8081/) at spring-boot-admin ([http://localhost:8080/instances]): I/O error on POST request for "http://localhost:8080/instances": HTTP/1.1 header parser received no bytes. Further attempts are logged on DEBUG level
2025-04-11T10:52:10.000+08:00  INFO 18696 --- [client-service] [scheduling-1] t.z.c.ClientServiceApplication           : 正在执行计划任务...
2025-04-11T10:52:20.015+08:00  INFO 18696 --- [client-service] [scheduling-1] t.z.c.ClientServiceApplication           : 正在执行计划任务...
2025-04-11T10:52:30.005+08:00  INFO 18696 --- [client-service] [scheduling-1] t.z.c.ClientServiceApplication           : 正在执行计划任务...
2025-04-11T10:52:40.009+08:00  INFO 18696 --- [client-service] [scheduling-1] t.z.c.ClientServiceApplication           : 正在执行计划任务...
2025-04-11T10:52:50.004+08:00  INFO 18696 --- [client-service] [scheduling-1] t.z.c.ClientServiceApplication           : 正在执行计划任务...
2025-04-11T10:53:00.011+08:00  INFO 18696 --- [client-service] [scheduling-1] t.z.c.ClientServiceApplication           : 正在执行计划任务...
2025-04-11T10:53:10.009+08:00  INFO 18696 --- [client-service] [scheduling-1] t.z.c.ClientServiceApplication           : 正在执行计划任务...
2025-04-11T10:53:20.009+08:00  INFO 18696 --- [client-service] [scheduling-1] t.z.c.ClientServiceApplication           : 正在执行计划任务...
2025-04-11T10:53:30.004+08:00  INFO 18696 --- [client-service] [scheduling-1] t.z.c.ClientServiceApplication           : 正在执行计划任务...
2025-04-11T10:53:40.001+08:00  INFO 18696 --- [client-service] [scheduling-1] t.z.c.ClientServiceApplication           : 正在执行计划任务...
2025-04-11T10:53:50.004+08:00  INFO 18696 --- [client-service] [scheduling-1] t.z.c.ClientServiceApplication           : 正在执行计划任务...
2025-04-11T10:54:00.006+08:00  INFO 18696 --- [client-service] [scheduling-1] t.z.c.ClientServiceApplication           : 正在执行计划任务...
2025-04-11T10:54:10.014+08:00  INFO 18696 --- [client-service] [scheduling-1] t.z.c.ClientServiceApplication           : 正在执行计划任务...
2025-04-11T10:54:20.003+08:00  INFO 18696 --- [client-service] [scheduling-1] t.z.c.ClientServiceApplication           : 正在执行计划任务...
2025-04-11T10:54:30.011+08:00  INFO 18696 --- [client-service] [scheduling-1] t.z.c.ClientServiceApplication           : 正在执行计划任务...
2025-04-11T10:54:40.011+08:00  INFO 18696 --- [client-service] [scheduling-1] t.z.c.ClientServiceApplication           : 正在执行计划任务...
2025-04-11T10:54:50.003+08:00  INFO 18696 --- [client-service] [scheduling-1] t.z.c.ClientServiceApplication           : 正在执行计划任务...
2025-04-11T10:55:00.011+08:00  INFO 18696 --- [client-service] [scheduling-1] t.z.c.ClientServiceApplication           : 正在执行计划任务...
2025-04-11T10:55:10.013+08:00  INFO 18696 --- [client-service] [scheduling-1] t.z.c.ClientServiceApplication           : 正在执行计划任务...
2025-04-11T10:55:20.004+08:00  INFO 18696 --- [client-service] [scheduling-1] t.z.c.ClientServiceApplication           : 正在执行计划任务...
2025-04-11T10:55:30.006+08:00  INFO 18696 --- [client-service] [scheduling-1] t.z.c.ClientServiceApplication           : 正在执行计划任务...
2025-04-11T10:55:40.003+08:00  INFO 18696 --- [client-service] [scheduling-1] t.z.c.ClientServiceApplication           : 正在执行计划任务...
2025-04-11T10:55:50.007+08:00  INFO 18696 --- [client-service] [scheduling-1] t.z.c.ClientServiceApplication           : 正在执行计划任务...
2025-04-11T10:56:00.014+08:00  INFO 18696 --- [client-service] [scheduling-1] t.z.c.ClientServiceApplication           : 正在执行计划任务...
2025-04-11T10:56:10.015+08:00  INFO 18696 --- [client-service] [scheduling-1] t.z.c.ClientServiceApplication           : 正在执行计划任务...
2025-04-11T10:56:20.004+08:00  INFO 18696 --- [client-service] [scheduling-1] t.z.c.ClientServiceApplication           : 正在执行计划任务...
2025-04-11T10:56:30.013+08:00  INFO 18696 --- [client-service] [scheduling-1] t.z.c.ClientServiceApplication           : 正在执行计划任务...
2025-04-11T10:56:40.007+08:00  INFO 18696 --- [client-service] [scheduling-1] t.z.c.ClientServiceApplication           : 正在执行计划任务...
2025-04-11T10:56:50.015+08:00  INFO 18696 --- [client-service] [scheduling-1] t.z.c.ClientServiceApplication           : 正在执行计划任务...
2025-04-11T10:57:00.013+08:00  INFO 18696 --- [client-service] [scheduling-1] t.z.c.ClientServiceApplication           : 正在执行计划任务...
2025-04-11T10:57:10.003+08:00  INFO 18696 --- [client-service] [scheduling-1] t.z.c.ClientServiceApplication           : 正在执行计划任务...
2025-04-11T10:57:20.015+08:00  INFO 18696 --- [client-service] [scheduling-1] t.z.c.ClientServiceApplication           : 正在执行计划任务...
2025-04-11T10:57:30.008+08:00  INFO 18696 --- [client-service] [scheduling-1] t.z.c.ClientServiceApplication           : 正在执行计划任务...
2025-04-11T10:57:40.011+08:00  INFO 18696 --- [client-service] [scheduling-1] t.z.c.ClientServiceApplication           : 正在执行计划任务...
2025-04-11T10:57:50.002+08:00  INFO 18696 --- [client-service] [scheduling-1] t.z.c.ClientServiceApplication           : 正在执行计划任务...
2025-04-11T10:58:00.009+08:00  INFO 18696 --- [client-service] [scheduling-1] t.z.c.ClientServiceApplication           : 正在执行计划任务...
2025-04-11T10:58:10.010+08:00  INFO 18696 --- [client-service] [scheduling-1] t.z.c.ClientServiceApplication           : 正在执行计划任务...
2025-04-11T10:58:20.000+08:00  INFO 18696 --- [client-service] [scheduling-1] t.z.c.ClientServiceApplication           : 正在执行计划任务...
2025-04-11T10:58:30.009+08:00  INFO 18696 --- [client-service] [scheduling-1] t.z.c.ClientServiceApplication           : 正在执行计划任务...
2025-04-11T10:58:40.013+08:00  INFO 18696 --- [client-service] [scheduling-1] t.z.c.ClientServiceApplication           : 正在执行计划任务...
2025-04-11T10:58:50.011+08:00  INFO 18696 --- [client-service] [scheduling-1] t.z.c.ClientServiceApplication           : 正在执行计划任务...
2025-04-11T10:59:00.000+08:00  INFO 18696 --- [client-service] [scheduling-1] t.z.c.ClientServiceApplication           : 正在执行计划任务...
2025-04-11T10:59:10.012+08:00  INFO 18696 --- [client-service] [scheduling-1] t.z.c.ClientServiceApplication           : 正在执行计划任务...
2025-04-11T10:59:20.011+08:00  INFO 18696 --- [client-service] [scheduling-1] t.z.c.ClientServiceApplication           : 正在执行计划任务...
2025-04-11T10:59:30.005+08:00  INFO 18696 --- [client-service] [scheduling-1] t.z.c.ClientServiceApplication           : 正在执行计划任务...
2025-04-11T10:59:40.002+08:00  INFO 18696 --- [client-service] [scheduling-1] t.z.c.ClientServiceApplication           : 正在执行计划任务...
2025-04-11T10:59:50.013+08:00  INFO 18696 --- [client-service] [scheduling-1] t.z.c.ClientServiceApplication           : 正在执行计划任务...
2025-04-11T11:00:00.006+08:00  INFO 18696 --- [client-service] [scheduling-1] t.z.c.ClientServiceApplication           : 正在执行计划任务...
2025-04-11T11:00:00.169+08:00  INFO 18696 --- [client-service] [SpringApplicationShutdownHook] o.s.b.w.e.tomcat.GracefulShutdown        : Commencing graceful shutdown. Waiting for active requests to complete
2025-04-11T11:00:00.713+08:00  INFO 18696 --- [client-service] [tomcat-shutdown] o.s.b.w.e.tomcat.GracefulShutdown        : Graceful shutdown complete
2025-04-11T11:00:03.151+08:00  INFO 10360 --- [client-service] [main] t.z.c.ClientServiceApplication           : Starting ClientServiceApplication using Java 17.0.12 with PID 10360 (E:\MicroService_Learning\client-service\target\classes started by ASUS in E:\MicroService_Learning\client-service)
2025-04-11T11:00:03.154+08:00  INFO 10360 --- [client-service] [main] t.z.c.ClientServiceApplication           : No active profile set, falling back to 1 default profile: "default"
2025-04-11T11:00:03.946+08:00  INFO 10360 --- [client-service] [main] o.s.b.w.embedded.tomcat.TomcatWebServer  : Tomcat initialized with port 8081 (http)
2025-04-11T11:00:03.955+08:00  INFO 10360 --- [client-service] [main] o.apache.catalina.core.StandardService   : Starting service [Tomcat]
2025-04-11T11:00:03.956+08:00  INFO 10360 --- [client-service] [main] o.apache.catalina.core.StandardEngine    : Starting Servlet engine: [Apache Tomcat/10.1.39]
2025-04-11T11:00:03.993+08:00  INFO 10360 --- [client-service] [main] o.a.c.c.C.[Tomcat].[localhost].[/]       : Initializing Spring embedded WebApplicationContext
2025-04-11T11:00:03.993+08:00  INFO 10360 --- [client-service] [main] w.s.c.ServletWebServerApplicationContext : Root WebApplicationContext: initialization completed in 809 ms
2025-04-11T11:00:04.557+08:00  INFO 10360 --- [client-service] [main] o.s.b.a.e.web.EndpointLinksResolver      : Exposing 15 endpoints beneath base path '/actuator'
2025-04-11T11:00:04.597+08:00  INFO 10360 --- [client-service] [main] o.s.b.w.embedded.tomcat.TomcatWebServer  : Tomcat started on port 8081 (http) with context path '/'
2025-04-11T11:00:04.610+08:00  INFO 10360 --- [client-service] [main] t.z.c.ClientServiceApplication           : Started ClientServiceApplication in 1.866 seconds (process running for 2.288)
2025-04-11T11:00:04.779+08:00  INFO 10360 --- [client-service] [registrationTask1] d.c.b.a.c.r.ApplicationRegistrator       : Application registered itself as 75a7be479074
2025-04-11T11:00:04.790+08:00  INFO 10360 --- [client-service] [http-nio-8081-exec-1] o.a.c.c.C.[Tomcat].[localhost].[/]       : Initializing Spring DispatcherServlet 'dispatcherServlet'
2025-04-11T11:00:04.791+08:00  INFO 10360 --- [client-service] [http-nio-8081-exec-1] o.s.web.servlet.DispatcherServlet        : Initializing Servlet 'dispatcherServlet'
2025-04-11T11:00:04.791+08:00  INFO 10360 --- [client-service] [http-nio-8081-exec-1] o.s.web.servlet.DispatcherServlet        : Completed initialization in 0 ms
2025-04-11T11:00:10.015+08:00  INFO 10360 --- [client-service] [scheduling-1] t.z.c.ClientServiceApplication           : 正在执行计划任务...
2025-04-11T11:00:20.005+08:00  INFO 10360 --- [client-service] [scheduling-1] t.z.c.ClientServiceApplication           : 正在执行计划任务...
2025-04-11T11:00:30.004+08:00  INFO 10360 --- [client-service] [scheduling-1] t.z.c.ClientServiceApplication           : 正在执行计划任务...
2025-04-11T11:00:40.007+08:00  INFO 10360 --- [client-service] [scheduling-1] t.z.c.ClientServiceApplication           : 正在执行计划任务...
2025-04-11T11:00:43.651+08:00  INFO 10360 --- [client-service] [SpringApplicationShutdownHook] o.s.b.w.e.tomcat.GracefulShutdown        : Commencing graceful shutdown. Waiting for active requests to complete
2025-04-11T11:00:44.216+08:00  INFO 10360 --- [client-service] [tomcat-shutdown] o.s.b.w.e.tomcat.GracefulShutdown        : Graceful shutdown complete
2025-04-11T11:01:34.195+08:00  INFO 10524 --- [client-service] [main] t.z.c.ClientServiceApplication           : Starting ClientServiceApplication using Java 17.0.12 with PID 10524 (E:\MicroService_Learning\client-service\target\classes started by ASUS in E:\MicroService_Learning\client-service)
2025-04-11T11:01:34.198+08:00  INFO 10524 --- [client-service] [main] t.z.c.ClientServiceApplication           : No active profile set, falling back to 1 default profile: "default"
2025-04-11T11:01:35.087+08:00  INFO 10524 --- [client-service] [main] o.s.b.w.embedded.tomcat.TomcatWebServer  : Tomcat initialized with port 8081 (http)
2025-04-11T11:01:35.100+08:00  INFO 10524 --- [client-service] [main] o.apache.catalina.core.StandardService   : Starting service [Tomcat]
2025-04-11T11:01:35.100+08:00  INFO 10524 --- [client-service] [main] o.apache.catalina.core.StandardEngine    : Starting Servlet engine: [Apache Tomcat/10.1.39]
2025-04-11T11:01:35.142+08:00  INFO 10524 --- [client-service] [main] o.a.c.c.C.[Tomcat].[localhost].[/]       : Initializing Spring embedded WebApplicationContext
2025-04-11T11:01:35.143+08:00  INFO 10524 --- [client-service] [main] w.s.c.ServletWebServerApplicationContext : Root WebApplicationContext: initialization completed in 907 ms
2025-04-11T11:01:35.809+08:00  INFO 10524 --- [client-service] [main] o.s.b.a.e.web.EndpointLinksResolver      : Exposing 15 endpoints beneath base path '/actuator'
2025-04-11T11:01:35.859+08:00  INFO 10524 --- [client-service] [main] o.s.b.w.embedded.tomcat.TomcatWebServer  : Tomcat started on port 8081 (http) with context path '/'
2025-04-11T11:01:35.872+08:00  INFO 10524 --- [client-service] [main] t.z.c.ClientServiceApplication           : Started ClientServiceApplication in 2.084 seconds (process running for 2.578)
2025-04-11T11:01:36.004+08:00  INFO 10524 --- [client-service] [RMI TCP Connection(2)-10.20.91.80] o.a.c.c.C.[Tomcat].[localhost].[/]       : Initializing Spring DispatcherServlet 'dispatcherServlet'
2025-04-11T11:01:36.004+08:00  INFO 10524 --- [client-service] [RMI TCP Connection(2)-10.20.91.80] o.s.web.servlet.DispatcherServlet        : Initializing Servlet 'dispatcherServlet'
2025-04-11T11:01:36.005+08:00  INFO 10524 --- [client-service] [RMI TCP Connection(2)-10.20.91.80] o.s.web.servlet.DispatcherServlet        : Completed initialization in 1 ms
2025-04-11T11:01:36.047+08:00  INFO 10524 --- [client-service] [registrationTask1] d.c.b.a.c.r.ApplicationRegistrator       : Application registered itself as 75a7be479074
2025-04-11T11:01:40.010+08:00  INFO 10524 --- [client-service] [scheduling-1] t.z.c.ClientServiceApplication           : 正在执行计划任务...
2025-04-11T11:01:50.006+08:00  INFO 10524 --- [client-service] [scheduling-1] t.z.c.ClientServiceApplication           : 正在执行计划任务...
2025-04-11T11:02:00.012+08:00  INFO 10524 --- [client-service] [scheduling-1] t.z.c.ClientServiceApplication           : 正在执行计划任务...
2025-04-11T11:02:08.700+08:00  INFO 10524 --- [client-service] [SpringApplicationShutdownHook] o.s.b.w.e.tomcat.GracefulShutdown        : Commencing graceful shutdown. Waiting for active requests to complete
2025-04-11T11:02:09.348+08:00  INFO 10524 --- [client-service] [tomcat-shutdown] o.s.b.w.e.tomcat.GracefulShutdown        : Graceful shutdown complete
2025-04-11T11:13:28.849+08:00  INFO 21700 --- [client-service] [main] t.z.c.ClientServiceApplicationTests      : Starting ClientServiceApplicationTests using Java 17.0.12 with PID 21700 (started by ASUS in E:\MicroService_Learning\client-service)
2025-04-11T11:13:28.851+08:00  INFO 21700 --- [client-service] [main] t.z.c.ClientServiceApplicationTests      : No active profile set, falling back to 1 default profile: "default"
2025-04-11T11:13:31.117+08:00  INFO 21700 --- [client-service] [main] o.s.b.a.e.web.EndpointLinksResolver      : Exposing 15 endpoints beneath base path '/actuator'
2025-04-11T11:13:31.215+08:00  INFO 21700 --- [client-service] [main] t.z.c.ClientServiceApplicationTests      : Started ClientServiceApplicationTests in 2.661 seconds (process running for 3.477)
2025-04-11T11:13:31.290+08:00 ERROR 21700 --- [client-service] [registrationTask1] o.s.s.s.TaskUtils$LoggingErrorHandler    : Unexpected error occurred in scheduled task

java.lang.IllegalStateException: couldn't determine local port. Please set spring.boot.admin.client.instance.service-base-url.
	at de.codecentric.boot.admin.client.registration.DefaultApplicationFactory.getLocalServerPort(DefaultApplicationFactory.java:205) ~[spring-boot-admin-client-3.2.3.jar:3.2.3]
	at de.codecentric.boot.admin.client.registration.DefaultApplicationFactory.getServiceBaseUrl(DefaultApplicationFactory.java:109) ~[spring-boot-admin-client-3.2.3.jar:3.2.3]
	at de.codecentric.boot.admin.client.registration.ServletApplicationFactory.getServiceUrl(ServletApplicationFactory.java:62) ~[spring-boot-admin-client-3.2.3.jar:3.2.3]
	at de.codecentric.boot.admin.client.registration.ServletApplicationFactory.getManagementBaseUrl(ServletApplicationFactory.java:77) ~[spring-boot-admin-client-3.2.3.jar:3.2.3]
	at de.codecentric.boot.admin.client.registration.DefaultApplicationFactory.getHealthUrl(DefaultApplicationFactory.java:165) ~[spring-boot-admin-client-3.2.3.jar:3.2.3]
	at de.codecentric.boot.admin.client.registration.DefaultApplicationFactory.createApplication(DefaultApplicationFactory.java:80) ~[spring-boot-admin-client-3.2.3.jar:3.2.3]
	at de.codecentric.boot.admin.client.registration.DefaultApplicationRegistrator.register(DefaultApplicationRegistrator.java:56) ~[spring-boot-admin-client-3.2.3.jar:3.2.3]
	at org.springframework.scheduling.support.DelegatingErrorHandlingRunnable.run(DelegatingErrorHandlingRunnable.java:54) ~[spring-context-6.2.5.jar:6.2.5]
	at java.base/java.util.concurrent.Executors$RunnableAdapter.call(Executors.java:539) ~[na:na]
	at java.base/java.util.concurrent.FutureTask.runAndReset(FutureTask.java:305) ~[na:na]
	at java.base/java.util.concurrent.ScheduledThreadPoolExecutor$ScheduledFutureTask.run(ScheduledThreadPoolExecutor.java:305) ~[na:na]
	at java.base/java.util.concurrent.ThreadPoolExecutor.runWorker(ThreadPoolExecutor.java:1136) ~[na:na]
	at java.base/java.util.concurrent.ThreadPoolExecutor$Worker.run(ThreadPoolExecutor.java:635) ~[na:na]
	at java.base/java.lang.Thread.run(Thread.java:840) ~[na:na]

2025-04-11T11:24:14.024+08:00  INFO 4240 --- [client-service] [main] t.z.c.ClientServiceApplicationTests      : Starting ClientServiceApplicationTests using Java 17.0.12 with PID 4240 (started by ASUS in E:\MicroService_Learning\client-service)
2025-04-11T11:24:14.027+08:00  INFO 4240 --- [client-service] [main] t.z.c.ClientServiceApplicationTests      : No active profile set, falling back to 1 default profile: "default"
2025-04-11T11:24:17.067+08:00  INFO 4240 --- [client-service] [main] o.s.b.a.e.web.EndpointLinksResolver      : Exposing 15 endpoints beneath base path '/actuator'
2025-04-11T11:24:17.151+08:00  INFO 4240 --- [client-service] [main] t.z.c.ClientServiceApplicationTests      : Started ClientServiceApplicationTests in 3.483 seconds (process running for 4.291)
2025-04-11T11:24:17.216+08:00 ERROR 4240 --- [client-service] [registrationTask1] o.s.s.s.TaskUtils$LoggingErrorHandler    : Unexpected error occurred in scheduled task

java.lang.IllegalStateException: couldn't determine local port. Please set spring.boot.admin.client.instance.service-base-url.
	at de.codecentric.boot.admin.client.registration.DefaultApplicationFactory.getLocalServerPort(DefaultApplicationFactory.java:205) ~[spring-boot-admin-client-3.2.3.jar:3.2.3]
	at de.codecentric.boot.admin.client.registration.DefaultApplicationFactory.getServiceBaseUrl(DefaultApplicationFactory.java:109) ~[spring-boot-admin-client-3.2.3.jar:3.2.3]
	at de.codecentric.boot.admin.client.registration.ServletApplicationFactory.getServiceUrl(ServletApplicationFactory.java:62) ~[spring-boot-admin-client-3.2.3.jar:3.2.3]
	at de.codecentric.boot.admin.client.registration.ServletApplicationFactory.getManagementBaseUrl(ServletApplicationFactory.java:77) ~[spring-boot-admin-client-3.2.3.jar:3.2.3]
	at de.codecentric.boot.admin.client.registration.DefaultApplicationFactory.getHealthUrl(DefaultApplicationFactory.java:165) ~[spring-boot-admin-client-3.2.3.jar:3.2.3]
	at de.codecentric.boot.admin.client.registration.DefaultApplicationFactory.createApplication(DefaultApplicationFactory.java:80) ~[spring-boot-admin-client-3.2.3.jar:3.2.3]
	at de.codecentric.boot.admin.client.registration.DefaultApplicationRegistrator.register(DefaultApplicationRegistrator.java:56) ~[spring-boot-admin-client-3.2.3.jar:3.2.3]
	at org.springframework.scheduling.support.DelegatingErrorHandlingRunnable.run(DelegatingErrorHandlingRunnable.java:54) ~[spring-context-6.2.5.jar:6.2.5]
	at java.base/java.util.concurrent.Executors$RunnableAdapter.call(Executors.java:539) ~[na:na]
	at java.base/java.util.concurrent.FutureTask.runAndReset(FutureTask.java:305) ~[na:na]
	at java.base/java.util.concurrent.ScheduledThreadPoolExecutor$ScheduledFutureTask.run(ScheduledThreadPoolExecutor.java:305) ~[na:na]
	at java.base/java.util.concurrent.ThreadPoolExecutor.runWorker(ThreadPoolExecutor.java:1136) ~[na:na]
	at java.base/java.util.concurrent.ThreadPoolExecutor$Worker.run(ThreadPoolExecutor.java:635) ~[na:na]
	at java.base/java.lang.Thread.run(Thread.java:840) ~[na:na]

